<?xml version="1.0" encoding="UTF-8"?>
<!-- Generated by org.testng.reporters.JUnitReportReporter -->
<testsuite hostname="LAPTOP-92EUTB0V" failures="0" tests="1" name="TestScenarios.OrangeHRM" time="8.803" errors="0" timestamp="2024-08-24T16:06:21 IST" skipped="0">
  <testcase classname="TestScenarios.OrangeHRM" name="loginTest" time="8.803"/>
  <system-out/>
</testsuite> <!-- TestScenarios.OrangeHRM -->
