<?xml version="1.0" encoding="UTF-8"?>
<!-- Generated by org.testng.reporters.JUnitReportReporter -->
<testsuite hostname="LAPTOP-92EUTB0V" failures="0" tests="1" name="scenario2Pages.OHRM_Practice" time="3.171" errors="0" timestamp="2024-09-03T09:44:24 IST" skipped="0">
  <testcase classname="scenario2Pages.OHRM_Practice" name="loginTest" time="3.171"/>
  <system-out/>
</testsuite> <!-- scenario2Pages.OHRM_Practice -->
