<?xml version="1.0" encoding="UTF-8"?>
<!-- Generated by org.testng.reporters.JUnitReportReporter -->
<testsuite hostname="LAPTOP-92EUTB0V" failures="0" tests="4" name="scenario2Test.AdminPageTest" time="12.631" errors="0" timestamp="2024-08-29T19:16:55 IST" skipped="0">
  <testcase classname="scenario2Test.AdminPageTest" name="getAllMenu" time="2.588"/>
  <system-out/>
  <testcase classname="scenario2Test.AdminPageTest" name="VerifySearchWithUsername" time="3.837"/>
  <system-out/>
  <testcase classname="scenario2Test.AdminPageTest" name="VerifySerchWithUserRole" time="3.296"/>
  <system-out/>
  <testcase classname="scenario2Test.AdminPageTest" name="VerifySerchWithUserStatus" time="2.910"/>
  <system-out/>
</testsuite> <!-- scenario2Test.AdminPageTest -->
