<?xml version="1.0" encoding="UTF-8"?>
<!-- Generated by org.testng.reporters.JUnitReportReporter -->
<testsuite hostname="LAPTOP-92EUTB0V" failures="0" tests="5" name="TestScenarios.MyListener" time="9.084" errors="0" timestamp="2024-08-26T02:48:03 IST" skipped="0">
  <testcase classname="TestScenarios.MyListener" name="loginTest" time="1.311"/>
  <system-out/>
  <testcase classname="TestScenarios.MyListener" name="loginTest" time="3.249"/>
  <system-out/>
  <testcase classname="TestScenarios.MyListener" name="loginTest" time="1.415"/>
  <system-out/>
  <testcase classname="TestScenarios.MyListener" name="loginTest" time="1.745"/>
  <system-out/>
  <testcase classname="TestScenarios.MyListener" name="loginTest" time="1.364"/>
  <system-out/>
</testsuite> <!-- TestScenarios.MyListener -->
