<?xml version="1.0" encoding="UTF-8"?>
<!-- Generated by org.testng.reporters.JUnitReportReporter -->
<testsuite hostname="LAPTOP-92EUTB0V" failures="0" tests="1" name="Scenario2.OHRM_Practice" time="26.170" errors="0" timestamp="2024-08-28T11:27:42 IST" skipped="0">
  <testcase classname="Scenario2.OHRM_Practice" name="loginTest" time="26.170"/>
  <system-out/>
</testsuite> <!-- Scenario2.OHRM_Practice -->
