<?xml version="1.0" encoding="UTF-8"?>
<!-- Generated by org.testng.reporters.JUnitReportReporter -->
<testsuite hostname="LAPTOP-92EUTB0V" failures="0" tests="4" name="scenario2Test.AdminPageTest" time="13.849" errors="0" timestamp="2024-09-26T13:23:46 IST" skipped="0">
  <testcase classname="scenario2Test.AdminPageTest" name="getAllMenu" time="3.203"/>
  <system-out/>
  <testcase classname="scenario2Test.AdminPageTest" name="VerifySearchWithUsername" time="4.382"/>
  <system-out/>
  <testcase classname="scenario2Test.AdminPageTest" name="VerifySerchWithUserRole" time="3.301"/>
  <system-out/>
  <testcase classname="scenario2Test.AdminPageTest" name="VerifySerchWithUserStatus" time="2.963"/>
  <system-out/>
</testsuite> <!-- scenario2Test.AdminPageTest -->
