<?xml version="1.0" encoding="UTF-8"?>
<!-- Generated by org.testng.reporters.JUnitReportReporter -->
<testsuite hostname="LAPTOP-92EUTB0V" failures="0" tests="4" name="scenario2Test.AdminPageTest" time="15.456" errors="0" timestamp="2024-09-06T14:21:11 IST" skipped="0">
  <testcase classname="scenario2Test.AdminPageTest" name="getAllMenu" time="6.373"/>
  <system-out/>
  <testcase classname="scenario2Test.AdminPageTest" name="VerifySearchWithUsername" time="3.670"/>
  <system-out/>
  <testcase classname="scenario2Test.AdminPageTest" name="VerifySerchWithUserRole" time="2.736"/>
  <system-out/>
  <testcase classname="scenario2Test.AdminPageTest" name="VerifySerchWithUserStatus" time="2.677"/>
  <system-out/>
</testsuite> <!-- scenario2Test.AdminPageTest -->
