<?xml version="1.0" encoding="UTF-8"?>
<!-- Generated by org.testng.reporters.JUnitReportReporter -->
<testsuite hostname="LAPTOP-92EUTB0V" failures="0" tests="3" name="scenario2Test.LoginPageTest" time="9.553" errors="0" timestamp="2024-08-29T18:55:58 IST" skipped="0">
  <testcase classname="scenario2Test.LoginPageTest" name="verifyTitle" time="0.040"/>
  <system-out/>
  <testcase classname="scenario2Test.LoginPageTest" name="verifyLogin" time="9.487"/>
  <system-out/>
  <testcase classname="scenario2Test.LoginPageTest" name="verifyCurrentUrl" time="0.026"/>
  <system-out/>
</testsuite> <!-- scenario2Test.LoginPageTest -->
